<?xml version="1.0" encoding="UTF-8"?>
<!-- Generated by org.testng.reporters.JUnitReportReporter -->
<testsuite skipped="1" hostname="Krishnas-MacBook-Pro.local" name="testcases.PlaceOrderTest" tests="2" failures="0" timestamp="26 Feb 2019 00:12:38 GMT" time="29.348" errors="0">
  <testcase name="placeOrderByCOD" time="29.325" classname="testcases.PlaceOrderTest"/>
  <testcase name="placeOrderByNB" time="0.023" classname="testcases.PlaceOrderTest">
    <skipped/>
  </testcase> <!-- placeOrderByNB -->
</testsuite> <!-- testcases.PlaceOrderTest -->
